#
# There is insufficient memory for the Java Runtime Environment to continue.
# Native memory allocation (mmap) failed to map 60817408 bytes for G1 virtual space
# Possible reasons:
#   The system is out of physical RAM or swap space
#   The process is running with CompressedOops enabled, and the Java Heap may be blocking the growth of the native heap
# Possible solutions:
#   Reduce memory load on the system
#   Increase physical memory or swap space
#   Check if swap backing store is full
#   Decrease Java heap size (-Xmx/-Xms)
#   Decrease number of Java threads
#   Decrease Java thread stack sizes (-Xss)
#   Set larger code cache with -XX:ReservedCodeCacheSize=
#   JVM is running with Unscaled Compressed Oops mode in which the Java heap is
#     placed in the first 4GB address space. The Java Heap base address is the
#     maximum limit for the native heap growth. Please use -XX:HeapBaseMinAddress
#     to set the Java Heap base and to place the Java Heap above 4GB virtual address.
# This output file may be truncated or incomplete.
#
#  Out of Memory Error (os_windows.cpp:3469), pid=9352, tid=9220
#
# JRE version:  (17.0+35) (build )
# Java VM: Java HotSpot(TM) 64-Bit Server VM (17+35-LTS-2724, mixed mode, sharing, tiered, compressed oops, compressed class ptrs, g1 gc, windows-amd64)
# No core dump will be written. Minidumps are not enabled by default on client versions of Windows
#

---------------  S U M M A R Y ------------

Command Line: -Dfile.encoding=Cp1252 -XX:+ShowCodeDetailsInExceptionMessages uas.satu.sampai.enam.Main

Host: AMD A4-9120 RADEON R3, 4 COMPUTE CORES 2C+2G   , 2 cores, 3G,  Windows 8.1 , 64 bit Build 9600 (6.3.9600.20237)
Time: Wed Jan 19 12:08:23 2022 SE Asia Standard Time elapsed time: 0.549952 seconds (0d 0h 0m 0s)

---------------  T H R E A D  ---------------

Current thread (0x00000049949b10e0):  JavaThread "Unknown thread" [_thread_in_vm, id=9220, stack(0x0000004994060000,0x0000004994160000)]

Stack: [0x0000004994060000,0x0000004994160000]
Native frames: (J=compiled Java code, j=interpreted, Vv=VM code, C=native code)
V  [jvm.dll+0x66f8ea]
V  [jvm.dll+0x7ce224]
V  [jvm.dll+0x7cf9ce]
V  [jvm.dll+0x7d0033]
V  [jvm.dll+0x242bb5]
V  [jvm.dll+0x66c909]
V  [jvm.dll+0x6613d2]
V  [jvm.dll+0x30082b]
V  [jvm.dll+0x307db6]
V  [jvm.dll+0x357a0e]
V  [jvm.dll+0x357c3f]
V  [jvm.dll+0x2d7ae8]
V  [jvm.dll+0x2d8a54]
V  [jvm.dll+0x7a00a1]
V  [jvm.dll+0x365781]
V  [jvm.dll+0x77f59c]
V  [jvm.dll+0x3e805f]
V  [jvm.dll+0x3e9b01]
C  [jli.dll+0x527b]
C  [ucrtbase.DLL+0x1d912]
C  [KERNEL32.DLL+0x13f2]
C  [ntdll.dll+0x154f4]


---------------  P R O C E S S  ---------------

Threads class SMR info:
_java_thread_list=0x00007ff824597818, length=0, elements={
}

Java Threads: ( => current thread )

Other Threads:
  0x00000049949dbf00 GCTaskThread "GC Thread#0" [stack: 0x00000049acfa0000,0x00000049ad0a0000] [id=9228]
  0x00000049949e3f40 ConcurrentGCThread "G1 Main Marker" [stack: 0x00000049ad0a0000,0x00000049ad1a0000] [id=9232]
  0x00000049949e5650 ConcurrentGCThread "G1 Conc#0" [stack: 0x00000049ad1a0000,0x00000049ad2a0000] [id=9236]

[error occurred during error reporting (printing all threads), id 0xc0000005, EXCEPTION_ACCESS_VIOLATION (0xc0000005) at pc=0x00007ff823de84c7]

VM state: not at safepoint (not fully initialized)

VM Mutex/Monitor currently owned by a thread:  ([mutex/lock_event])
[0x00000049949ad080] Heap_lock - owner thread: 0x00000049949b10e0

Heap address: 0x00000000c7800000, size: 904 MB, Compressed Oops mode: 32-bit

CDS archive(s) mapped at: [0x0000000000000000-0x0000000000000000-0x0000000000000000), size 0, SharedBaseAddress: 0x0000000800000000, ArchiveRelocationMode: 0.
Narrow klass base: 0x0000000000000000, Narrow klass shift: 0, Narrow klass range: 0x0

GC Precious Log:
<Empty>

Heap:
 garbage-first heap   total 0K, used 0K [0x00000000c7800000, 0x0000000100000000)
  region size 1024K, 0 young (0K), 0 survivors (0K)

[error occurred during error reporting (printing heap information), id 0xc0000005, EXCEPTION_ACCESS_VIOLATION (0xc0000005) at pc=0x00007ff8241c8c59]

GC Heap History (0 events):
No events

Deoptimization events (0 events):
No events

Classes unloaded (0 events):
No events

Classes redefined (0 events):
No events

Internal exceptions (0 events):
No events

VM Operations (0 events):
No events

Events (1 events):
Event: 0.034 Loaded shared library C:\Program Files\Java\jdk-17\bin\java.dll


Dynamic libraries:
0x00007ff71c560000 - 0x00007ff71c570000 	C:\Program Files\Java\jdk-17\bin\javaw.exe
0x00007ff852f60000 - 0x00007ff85310d000 	C:\Windows\SYSTEM32\ntdll.dll
0x00007ff852360000 - 0x00007ff85249f000 	C:\Windows\system32\KERNEL32.DLL
0x00007ff8504c0000 - 0x00007ff8505d5000 	C:\Windows\system32\KERNELBASE.dll
0x00007ff838490000 - 0x00007ff8384a8000 	C:\Program Files\Java\jdk-17\bin\jli.dll
0x00007ff837250000 - 0x00007ff83726a000 	C:\Program Files\Java\jdk-17\bin\VCRUNTIME140.dll
0x00007ff847e20000 - 0x00007ff847e24000 	C:\Program Files\Java\jdk-17\bin\api-ms-win-crt-stdio-l1-1-0.dll
0x00007ff843c60000 - 0x00007ff843c64000 	C:\Program Files\Java\jdk-17\bin\api-ms-win-crt-runtime-l1-1-0.dll
0x00007ff8434b0000 - 0x00007ff8434b3000 	C:\Program Files\Java\jdk-17\bin\api-ms-win-crt-environment-l1-1-0.dll
0x00007ff842790000 - 0x00007ff842795000 	C:\Program Files\Java\jdk-17\bin\api-ms-win-crt-math-l1-1-0.dll
0x00007ff83da70000 - 0x00007ff83da73000 	C:\Program Files\Java\jdk-17\bin\api-ms-win-crt-locale-l1-1-0.dll
0x00007ff83d860000 - 0x00007ff83d863000 	C:\Program Files\Java\jdk-17\bin\api-ms-win-crt-heap-l1-1-0.dll
0x00007ff851f20000 - 0x00007ff851fcd000 	C:\Windows\system32\ADVAPI32.dll
0x00007ff84d1f0000 - 0x00007ff84d46b000 	C:\Windows\WinSxS\amd64_microsoft.windows.common-controls_6595b64144ccf1df_6.0.9600.19394_none_62486577ecb635cf\COMCTL32.dll
0x00007ff8529e0000 - 0x00007ff852b57000 	C:\Windows\system32\USER32.dll
0x00007ff849310000 - 0x00007ff84931a000 	C:\Windows\SYSTEM32\VERSION.dll
0x00007ff838290000 - 0x00007ff838293000 	C:\Program Files\Java\jdk-17\bin\api-ms-win-crt-filesystem-l1-1-0.dll
0x00007ff837c40000 - 0x00007ff837c44000 	C:\Program Files\Java\jdk-17\bin\api-ms-win-crt-string-l1-1-0.dll
0x00007ff837240000 - 0x00007ff837244000 	C:\Program Files\Java\jdk-17\bin\api-ms-win-crt-convert-l1-1-0.dll
0x00007ff852640000 - 0x00007ff8526ea000 	C:\Windows\system32\msvcrt.dll
0x00007ff8524a0000 - 0x00007ff8524fb000 	C:\Windows\SYSTEM32\sechost.dll
0x00007ff851fd0000 - 0x00007ff852106000 	C:\Windows\system32\RPCRT4.dll
0x00007ff8526f0000 - 0x00007ff85283e000 	C:\Windows\system32\GDI32.dll
0x00007ff834fc0000 - 0x00007ff8350ba000 	C:\Program Files\Java\jdk-17\bin\ucrtbase.DLL
0x00007ff8500d0000 - 0x00007ff8500fe000 	C:\Windows\system32\SspiCli.dll
0x00007ff852840000 - 0x00007ff852876000 	C:\Windows\system32\IMM32.DLL
0x00007ff852880000 - 0x00007ff8529d1000 	C:\Windows\system32\MSCTF.dll
0x00007ff837230000 - 0x00007ff83723c000 	C:\Program Files\Java\jdk-17\bin\vcruntime140_1.dll
0x00007ff82ac60000 - 0x00007ff82aced000 	C:\Program Files\Java\jdk-17\bin\msvcp140.dll
0x00007ff837220000 - 0x00007ff837223000 	C:\Program Files\Java\jdk-17\bin\api-ms-win-crt-time-l1-1-0.dll
0x00007ff837210000 - 0x00007ff837213000 	C:\Program Files\Java\jdk-17\bin\api-ms-win-crt-utility-l1-1-0.dll
0x00007ff823b00000 - 0x00007ff8246be000 	C:\Program Files\Java\jdk-17\bin\server\jvm.dll
0x00007ff847e40000 - 0x00007ff847e49000 	C:\Windows\SYSTEM32\WSOCK32.dll
0x00007ff848010000 - 0x00007ff848032000 	C:\Windows\SYSTEM32\WINMM.dll
0x00007ff852b60000 - 0x00007ff852b67000 	C:\Windows\system32\PSAPI.DLL
0x00007ff8525e0000 - 0x00007ff85263a000 	C:\Windows\system32\WS2_32.dll
0x00007ff847ea0000 - 0x00007ff847eca000 	C:\Windows\SYSTEM32\WINMMBASE.dll
0x00007ff851d80000 - 0x00007ff851d89000 	C:\Windows\system32\NSI.dll
0x00007ff850410000 - 0x00007ff85045f000 	C:\Windows\SYSTEM32\cfgmgr32.dll
0x00007ff84ee20000 - 0x00007ff84ee48000 	C:\Windows\SYSTEM32\DEVOBJ.dll
0x00007ff835540000 - 0x00007ff83554a000 	C:\Program Files\Java\jdk-17\bin\jimage.dll
0x00007ff84bff0000 - 0x00007ff84c179000 	C:\Windows\SYSTEM32\DBGHELP.DLL
0x00007ff834f90000 - 0x00007ff834fb5000 	C:\Program Files\Java\jdk-17\bin\java.dll

dbghelp: loaded successfully - version: 4.0.5 - missing functions: none
symbol engine: initialized successfully - sym options: 0x614 - pdb path: .;C:\Program Files\Java\jdk-17\bin;C:\Windows\SYSTEM32;C:\Windows\WinSxS\amd64_microsoft.windows.common-controls_6595b64144ccf1df_6.0.9600.19394_none_62486577ecb635cf;C:\Program Files\Java\jdk-17\bin\server

VM Arguments:
jvm_args: -Dfile.encoding=Cp1252 -XX:+ShowCodeDetailsInExceptionMessages 
java_command: uas.satu.sampai.enam.Main
java_class_path (initial): D:\latihan_java\app-library\target\classes;C:\Users\USER\.m2\repository\mysql\mysql-connector-java\8.0.27\mysql-connector-java-8.0.27.jar;C:\Users\USER\.m2\repository\com\google\protobuf\protobuf-java\3.11.4\protobuf-java-3.11.4.jar
Launcher Type: SUN_STANDARD

[Global flags]
     intx CICompilerCount                          = 2                                         {product} {ergonomic}
     uint ConcGCThreads                            = 1                                         {product} {ergonomic}
     uint G1ConcRefinementThreads                  = 2                                         {product} {ergonomic}
   size_t G1HeapRegionSize                         = 1048576                                   {product} {ergonomic}
    uintx GCDrainStackTargetSize                   = 64                                        {product} {ergonomic}
   size_t InitialHeapSize                          = 60817408                                  {product} {ergonomic}
   size_t MarkStackSize                            = 4194304                                   {product} {ergonomic}
   size_t MaxHeapSize                              = 947912704                                 {product} {ergonomic}
   size_t MinHeapDeltaBytes                        = 1048576                                   {product} {ergonomic}
   size_t MinHeapSize                              = 8388608                                   {product} {ergonomic}
    uintx NonNMethodCodeHeapSize                   = 5826188                                {pd product} {ergonomic}
    uintx NonProfiledCodeHeapSize                  = 122916026                              {pd product} {ergonomic}
    uintx ProfiledCodeHeapSize                     = 122916026                              {pd product} {ergonomic}
    uintx ReservedCodeCacheSize                    = 251658240                              {pd product} {ergonomic}
     bool SegmentedCodeCache                       = true                                      {product} {ergonomic}
     bool ShowCodeDetailsInExceptionMessages       = true                                   {manageable} {command line}
   size_t SoftMaxHeapSize                          = 947912704                              {manageable} {ergonomic}
     bool UseCompressedClassPointers               = true                           {product lp64_product} {ergonomic}
     bool UseCompressedOops                        = true                           {product lp64_product} {ergonomic}
     bool UseG1GC                                  = true                                      {product} {ergonomic}
     bool UseLargePagesIndividualAllocation        = false                                  {pd product} {ergonomic}

Logging:
Log output configuration:
 #0: stdout all=warning uptime,level,tags
 #1: stderr all=off uptime,level,tags

Environment Variables:
JAVA_HOME=C:\Program Files\Java\jdk-17
PATH=C:\Program Files (x86)\Common Files\Intel\Shared Files\cpp\bin\Intel64;C:\Program Files\Common Files\Oracle\Java\javapath;C:\Program Files (x86)\Common Files\Oracle\Java\javapath;C:\Windows\system32;C:\Windows;C:\Windows\System32\Wbem;C:\Windows\System32\WindowsPowerShell\v1.0\;C:\Program Files\apache-maven-3.8.4\bin;C:\Users\USER\AppData\Local\Programs\Microsoft VS Code\bin
USERNAME=USER
OS=Windows_NT
PROCESSOR_IDENTIFIER=AMD64 Family 21 Model 112 Stepping 0, AuthenticAMD



---------------  S Y S T E M  ---------------

OS:
 Windows 8.1 , 64 bit Build 9600 (6.3.9600.20237)
OS uptime: 4 days 22:39 hours

CPU: total 2 (initial active 2) (2 cores per cpu, 1 threads per core) family 21 model 112 stepping 0 microcode 0x6006704, cx8, cmov, fxsr, mmx, 3dnowpref, sse, sse2, sse3, ssse3, sse4a, sse4.1, sse4.2, popcnt, lzcnt, tsc, tscinvbit, avx, avx2, aes, clmul, bmi1, bmi2, fma, vzeroupper, clflush

Memory: 4k page, system-wide physical 3614M (408M free)
TotalPageFile size 6686M (AvailPageFile size 21M)
current process WorkingSet (physical memory assigned to process): 9M, peak: 9M
current process commit charge ("private bytes"): 47M, peak: 105M

vm_info: Java HotSpot(TM) 64-Bit Server VM (17+35-LTS-2724) for windows-amd64 JRE (17+35-LTS-2724), built on Aug  5 2021 23:28:28 by "mach5one" with MS VC++ 16.8 (VS2019)

END.
